<?xml version="1.0" encoding="UTF-8"?>
<testng-results skipped="0" failed="0" ignored="0" total="1" passed="1">
  <reporter-output>
  </reporter-output>
  <suite name="Regression" duration-ms="31827" started-at="2020-12-04T20:51:14 CST" finished-at="2020-12-04T20:51:46 CST">
    <groups>
      <group name="cucumber">
        <method signature="AbstractTestNGCucumberTests.feature(cucumber.api.testng.CucumberFeatureWrapper)[pri:0, instance:com.TestRunnnner.qa.TestRnnuer@6d7b4f4c]" name="feature" class="cucumber.api.testng.AbstractTestNGCucumberTests"/>
      </group> <!-- cucumber -->
    </groups>
    <test name="Test" duration-ms="31827" started-at="2020-12-04T20:51:14 CST" finished-at="2020-12-04T20:51:46 CST">
      <class name="com.TestRunnnner.qa.TestRnnuer">
        <test-method status="PASS" signature="Setup()[pri:0, instance:com.TestRunnnner.qa.TestRnnuer@6d7b4f4c]" name="Setup" is-config="true" duration-ms="6454" started-at="2020-12-04T20:51:14 CST" finished-at="2020-12-04T20:51:21 CST">
          <reporter-output>
          </reporter-output>
        </test-method> <!-- Setup -->
        <test-method status="PASS" signature="setUpClass()[pri:0, instance:com.TestRunnnner.qa.TestRnnuer@6d7b4f4c]" name="setUpClass" is-config="true" duration-ms="356" started-at="2020-12-04T20:51:21 CST" finished-at="2020-12-04T20:51:21 CST">
          <reporter-output>
          </reporter-output>
        </test-method> <!-- setUpClass -->
        <test-method status="PASS" signature="feature(cucumber.api.testng.CucumberFeatureWrapper)[pri:0, instance:com.TestRunnnner.qa.TestRnnuer@6d7b4f4c]" name="feature" duration-ms="24050" started-at="2020-12-04T20:51:21 CST" description="Runs Cucumber Feature" data-provider="features" finished-at="2020-12-04T20:51:45 CST">
          <params>
            <param index="0">
              <value>
                <![CDATA[Login]]>
              </value>
            </param>
          </params>
          <reporter-output>
          </reporter-output>
        </test-method> <!-- feature -->
        <test-method status="PASS" signature="tearDownClass()[pri:0, instance:com.TestRunnnner.qa.TestRnnuer@6d7b4f4c]" name="tearDownClass" is-config="true" duration-ms="19" started-at="2020-12-04T20:51:45 CST" finished-at="2020-12-04T20:51:45 CST">
          <reporter-output>
          </reporter-output>
        </test-method> <!-- tearDownClass -->
        <test-method status="PASS" signature="teardown()[pri:0, instance:com.TestRunnnner.qa.TestRnnuer@6d7b4f4c]" name="teardown" is-config="true" duration-ms="794" started-at="2020-12-04T20:51:45 CST" finished-at="2020-12-04T20:51:46 CST">
          <reporter-output>
          </reporter-output>
        </test-method> <!-- teardown -->
      </class> <!-- com.TestRunnnner.qa.TestRnnuer -->
    </test> <!-- Test -->
  </suite> <!-- Regression -->
</testng-results>
