<?xml version="1.0" encoding="UTF-8"?>
<testng-results ignored="0" total="1" passed="1" failed="0" skipped="0">
  <reporter-output>
  </reporter-output>
  <suite started-at="2020-12-04T20:39:48 CST" name="Default suite" finished-at="2020-12-04T20:40:20 CST" duration-ms="31910">
    <groups>
      <group name="cucumber">
        <method signature="AbstractTestNGCucumberTests.feature(cucumber.api.testng.CucumberFeatureWrapper)[pri:0, instance:com.TestRunnnner.qa.TestRnnuer@1f97cf0d]" name="feature" class="cucumber.api.testng.AbstractTestNGCucumberTests"/>
      </group> <!-- cucumber -->
    </groups>
    <test started-at="2020-12-04T20:39:48 CST" name="Default test" finished-at="2020-12-04T20:40:20 CST" duration-ms="31910">
      <class name="com.TestRunnnner.qa.TestRnnuer">
        <test-method is-config="true" signature="Setup()[pri:0, instance:com.TestRunnnner.qa.TestRnnuer@1f97cf0d]" started-at="2020-12-04T20:39:48 CST" name="Setup" finished-at="2020-12-04T20:39:54 CST" duration-ms="5966" status="PASS">
          <reporter-output>
          </reporter-output>
        </test-method> <!-- Setup -->
        <test-method is-config="true" signature="setUpClass()[pri:0, instance:com.TestRunnnner.qa.TestRnnuer@1f97cf0d]" started-at="2020-12-04T20:39:54 CST" name="setUpClass" finished-at="2020-12-04T20:39:54 CST" duration-ms="241" status="PASS">
          <reporter-output>
          </reporter-output>
        </test-method> <!-- setUpClass -->
        <test-method signature="feature(cucumber.api.testng.CucumberFeatureWrapper)[pri:0, instance:com.TestRunnnner.qa.TestRnnuer@1f97cf0d]" started-at="2020-12-04T20:39:54 CST" name="feature" description="Runs Cucumber Feature" data-provider="features" finished-at="2020-12-04T20:40:19 CST" duration-ms="24846" status="PASS">
          <params>
            <param index="0">
              <value>
                <![CDATA[Login]]>
              </value>
            </param>
          </params>
          <reporter-output>
          </reporter-output>
        </test-method> <!-- feature -->
        <test-method is-config="true" signature="tearDownClass()[pri:0, instance:com.TestRunnnner.qa.TestRnnuer@1f97cf0d]" started-at="2020-12-04T20:40:19 CST" name="tearDownClass" finished-at="2020-12-04T20:40:19 CST" duration-ms="15" status="PASS">
          <reporter-output>
          </reporter-output>
        </test-method> <!-- tearDownClass -->
        <test-method is-config="true" signature="teardown()[pri:0, instance:com.TestRunnnner.qa.TestRnnuer@1f97cf0d]" started-at="2020-12-04T20:40:19 CST" name="teardown" finished-at="2020-12-04T20:40:20 CST" duration-ms="721" status="PASS">
          <reporter-output>
          </reporter-output>
        </test-method> <!-- teardown -->
      </class> <!-- com.TestRunnnner.qa.TestRnnuer -->
    </test> <!-- Default test -->
  </suite> <!-- Default suite -->
</testng-results>
