<?xml version="1.0" encoding="UTF-8"?>
<!-- Generated by org.testng.reporters.JUnitReportReporter -->
<testsuite hostname="DESKTOP-3ROKAB7" failures="0" tests="2" name="com.TestRunnnner.qa.TestRnnuer" time="2.628" errors="1" timestamp="2021-03-19T19:46:51 CDT" skipped="1">
  <testcase classname="com.TestRunnnner.qa.TestRnnuer" name="feature" time="0.000">
    <skipped/>
  </testcase> <!-- feature -->
  <system-out/>
  <testcase classname="com.TestRunnnner.qa.TestRnnuer" name="Setup" time="2.628">
    <error message="session not created: This version of ChromeDriver only supports Chrome version 87
Current browser version is 89.0.4389.90 with binary path C:\Program Files\Google\Chrome\Application\chrome.exe
Build info: version: &#039;3.14.0&#039;, revision: &#039;aacccce0&#039;, time: &#039;2018-08-02T20:19:58.91Z&#039;
System info: host: &#039;DESKTOP-3ROKAB7&#039;, ip: &#039;192.168.254.12&#039;, os.name: &#039;Windows 10&#039;, os.arch: &#039;amd64&#039;, os.version: &#039;10.0&#039;, java.version: &#039;14.0.2&#039;
Driver info: driver.version: ChromeDriver
remote stacktrace: Backtrace:
	Ordinal0 [0x004BECE3+3337443]
	Ordinal0 [0x0039F041+2158657]
	Ordinal0 [0x00226FA8+618408]
	Ordinal0 [0x001A1D52+73042]
	Ordinal0 [0x0019E0D8+57560]
	Ordinal0 [0x0019C38A+50058]
	Ordinal0 [0x001C5E8E+220814]
	Ordinal0 [0x001C5BFC+220156]
	Ordinal0 [0x001C181B+202779]
	Ordinal0 [0x001A3D74+81268]
	Ordinal0 [0x001A4D6E+85358]
	Ordinal0 [0x001A4CF9+85241]
	Ordinal0 [0x003B6F2C+2256684]
	GetHandleVerifier [0x00642FAC+1478332]
	GetHandleVerifier [0x00642AFD+1477133]
	GetHandleVerifier [0x0064AAD8+1509864]
	GetHandleVerifier [0x0064369E+1480110]
	Ordinal0 [0x003AD6BD+2217661]
	Ordinal0 [0x003B89AB+2263467]
	Ordinal0 [0x003B8AEF+2263791]
	Ordinal0 [0x003CD363+2347875]
	BaseThreadInitThunk [0x74F9FA29+25]
	RtlGetAppContainerNamedObjectPath [0x76EF7C7E+286]
	RtlGetAppContainerNamedObjectPath [0x76EF7C4E+238]
" type="org.openqa.selenium.SessionNotCreatedException">
      <![CDATA[org.openqa.selenium.SessionNotCreatedException: session not created: This version of ChromeDriver only supports Chrome version 87
Current browser version is 89.0.4389.90 with binary path C:\Program Files\Google\Chrome\Application\chrome.exe
Build info: version: '3.14.0', revision: 'aacccce0', time: '2018-08-02T20:19:58.91Z'
System info: host: 'DESKTOP-3ROKAB7', ip: '192.168.254.12', os.name: 'Windows 10', os.arch: 'amd64', os.version: '10.0', java.version: '14.0.2'
Driver info: driver.version: ChromeDriver
remote stacktrace: Backtrace:
Ordinal0 [0x004BECE3+3337443]
Ordinal0 [0x0039F041+2158657]
Ordinal0 [0x00226FA8+618408]
Ordinal0 [0x001A1D52+73042]
Ordinal0 [0x0019E0D8+57560]
Ordinal0 [0x0019C38A+50058]
Ordinal0 [0x001C5E8E+220814]
Ordinal0 [0x001C5BFC+220156]
Ordinal0 [0x001C181B+202779]
Ordinal0 [0x001A3D74+81268]
Ordinal0 [0x001A4D6E+85358]
Ordinal0 [0x001A4CF9+85241]
Ordinal0 [0x003B6F2C+2256684]
GetHandleVerifier [0x00642FAC+1478332]
GetHandleVerifier [0x00642AFD+1477133]
GetHandleVerifier [0x0064AAD8+1509864]
GetHandleVerifier [0x0064369E+1480110]
Ordinal0 [0x003AD6BD+2217661]
Ordinal0 [0x003B89AB+2263467]
Ordinal0 [0x003B8AEF+2263791]
Ordinal0 [0x003CD363+2347875]
BaseThreadInitThunk [0x74F9FA29+25]
RtlGetAppContainerNamedObjectPath [0x76EF7C7E+286]
RtlGetAppContainerNamedObjectPath [0x76EF7C4E+238]

at java.base/jdk.internal.reflect.NativeConstructorAccessorImpl.newInstance0(Native Method)
at java.base/jdk.internal.reflect.NativeConstructorAccessorImpl.newInstance(NativeConstructorAccessorImpl.java:62)
at java.base/jdk.internal.reflect.DelegatingConstructorAccessorImpl.newInstance(DelegatingConstructorAccessorImpl.java:45)
at java.base/java.lang.reflect.Constructor.newInstanceWithCaller(Constructor.java:500)
at java.base/java.lang.reflect.Constructor.newInstance(Constructor.java:481)
at org.openqa.selenium.remote.W3CHandshakeResponse.lambda$new$0(W3CHandshakeResponse.java:57)
at org.openqa.selenium.remote.W3CHandshakeResponse.lambda$getResponseFunction$2(W3CHandshakeResponse.java:104)
at org.openqa.selenium.remote.ProtocolHandshake.lambda$createSession$0(ProtocolHandshake.java:122)
at java.base/java.util.stream.ReferencePipeline$3$1.accept(ReferencePipeline.java:195)
at java.base/java.util.Spliterators$ArraySpliterator.tryAdvance(Spliterators.java:958)
at java.base/java.util.stream.ReferencePipeline.forEachWithCancel(ReferencePipeline.java:127)
at java.base/java.util.stream.AbstractPipeline.copyIntoWithCancel(AbstractPipeline.java:502)
at java.base/java.util.stream.AbstractPipeline.copyInto(AbstractPipeline.java:488)
at java.base/java.util.stream.AbstractPipeline.wrapAndCopyInto(AbstractPipeline.java:474)
at java.base/java.util.stream.FindOps$FindOp.evaluateSequential(FindOps.java:150)
at java.base/java.util.stream.AbstractPipeline.evaluate(AbstractPipeline.java:234)
at java.base/java.util.stream.ReferencePipeline.findFirst(ReferencePipeline.java:543)
at org.openqa.selenium.remote.ProtocolHandshake.createSession(ProtocolHandshake.java:125)
at org.openqa.selenium.remote.ProtocolHandshake.createSession(ProtocolHandshake.java:73)
at org.openqa.selenium.remote.HttpCommandExecutor.execute(HttpCommandExecutor.java:136)
at org.openqa.selenium.remote.service.DriverCommandExecutor.execute(DriverCommandExecutor.java:83)
at org.openqa.selenium.remote.RemoteWebDriver.execute(RemoteWebDriver.java:548)
at org.openqa.selenium.remote.RemoteWebDriver.startSession(RemoteWebDriver.java:212)
at org.openqa.selenium.remote.RemoteWebDriver.<init>(RemoteWebDriver.java:130)
at org.openqa.selenium.chrome.ChromeDriver.<init>(ChromeDriver.java:181)
at org.openqa.selenium.chrome.ChromeDriver.<init>(ChromeDriver.java:168)
at org.openqa.selenium.chrome.ChromeDriver.<init>(ChromeDriver.java:123)
at com.Util.qa.Base.initili(Base.java:52)
at com.TestRunnnner.qa.TestRnnuer.Setup(TestRnnuer.java:23)
at java.base/jdk.internal.reflect.NativeMethodAccessorImpl.invoke0(Native Method)
at java.base/jdk.internal.reflect.NativeMethodAccessorImpl.invoke(NativeMethodAccessorImpl.java:62)
at java.base/jdk.internal.reflect.DelegatingMethodAccessorImpl.invoke(DelegatingMethodAccessorImpl.java:43)
at java.base/java.lang.reflect.Method.invoke(Method.java:564)
at org.testng.internal.MethodInvocationHelper.invokeMethod(MethodInvocationHelper.java:132)
at org.testng.internal.MethodInvocationHelper.invokeMethodConsideringTimeout(MethodInvocationHelper.java:61)
at org.testng.internal.ConfigInvoker.invokeConfigurationMethod(ConfigInvoker.java:366)
at org.testng.internal.ConfigInvoker.invokeConfigurations(ConfigInvoker.java:320)
at org.testng.TestRunner.invokeTestConfigurations(TestRunner.java:617)
at org.testng.TestRunner.beforeRun(TestRunner.java:607)
at org.testng.TestRunner.run(TestRunner.java:578)
at org.testng.SuiteRunner.runTest(SuiteRunner.java:384)
at org.testng.SuiteRunner.runSequentially(SuiteRunner.java:378)
at org.testng.SuiteRunner.privateRun(SuiteRunner.java:337)
at org.testng.SuiteRunner.run(SuiteRunner.java:286)
at org.testng.SuiteRunnerWorker.runSuite(SuiteRunnerWorker.java:53)
at org.testng.SuiteRunnerWorker.run(SuiteRunnerWorker.java:96)
at org.testng.TestNG.runSuitesSequentially(TestNG.java:1218)
at org.testng.TestNG.runSuitesLocally(TestNG.java:1140)
at org.testng.TestNG.runSuites(TestNG.java:1069)
at org.testng.TestNG.run(TestNG.java:1037)
at org.testng.remote.AbstractRemoteTestNG.run(AbstractRemoteTestNG.java:115)
at org.testng.remote.RemoteTestNG.initAndRun(RemoteTestNG.java:251)
at org.testng.remote.RemoteTestNG.main(RemoteTestNG.java:77)
]]>
    </error>
  </testcase> <!-- Setup -->
  <system-out/>
</testsuite> <!-- com.TestRunnnner.qa.TestRnnuer -->
